Using TensorFlow backend.
INFO:DeepAugment :=============== global config ===============
INFO:DeepAugment :queue length : 4
INFO:DeepAugment :population size : 6
INFO:DeepAugment :mutate probability : 0.6
INFO:DeepAugment :the number of process (for multiprocessing) : 56
INFO:DeepAugment :coverage differential threshold : 0.5
INFO:DeepAugment :enable transformation based on filter : False
INFO:DeepAugment :enable optimize : False
INFO:DeepAugment :robust_threshold : 0.001
INFO:DeepAugment :=============== translation config ===============
INFO:DeepAugment :rotation range : [-30, -29, -28, -27, -26, -25, -24, -23, -22, -21, -20, -19, -18, -17, -16, -15, -14, -13, -12, -11, -10, -9, -8, -7, -6, -5, -4, -3, -2, -1, 0, 1, 2, 3, 4, 5, 6, 7, 8, 9, 10, 11, 12, 13, 14, 15, 16, 17, 18, 19, 20, 21, 22, 23, 24, 25, 26, 27, 28, 29, 30]
INFO:DeepAugment :translate range : [-3, -2, -1, 0, 1, 2, 3]
INFO:DeepAugment :shear range : [-0.1, -0.095, -0.09, -0.085, -0.08, -0.075, -0.07, -0.065, -0.06, -0.055, -0.05, -0.045, -0.04, -0.035, -0.03, -0.025, -0.02, -0.015, -0.01, -0.005, 0.0, 0.005, 0.01, 0.015, 0.02, 0.025, 0.03, 0.035, 0.04, 0.045, 0.05, 0.055, 0.06, 0.065, 0.07, 0.075, 0.08, 0.085, 0.09, 0.095, 0.1]
INFO:DeepAugment :mutate step (for genetic algorithm) : {'brightness': 4, 'zoom': 0.02, 'contrast': 0.05, 'blur': 1, 'rotation': 6, 'translate': 1, 'shear': 0.02}
INFO:DeepAugment :=============== Training Start ===============
INFO:DeepAugment :===========  replace_worst_of_10 on gtsrb dataset =========== 
INFO:DeepAugment :size of batch: 74
2019-05-15 19:34:29.536734: I tensorflow/core/platform/cpu_feature_guard.cc:141] Your CPU supports instructions that this TensorFlow binary was not compiled to use: AVX2 AVX512F FMA
Epoch 1/30

 1/74 [..............................] - ETA: 14:09 - loss: 13.6118 - acc: 0.0195
 2/74 [..............................] - ETA: 11:29 - loss: 12.1940 - acc: 0.0264
 3/74 [>.............................] - ETA: 10:58 - loss: 10.4735 - acc: 0.0306
 4/74 [>.............................] - ETA: 10:41 - loss: 8.9467 - acc: 0.0322 
 5/74 [=>............................] - ETA: 10:29 - loss: 7.9213 - acc: 0.0332
 6/74 [=>............................] - ETA: 10:17 - loss: 7.2237 - acc: 0.0329
 7/74 [=>............................] - ETA: 10:07 - loss: 6.7180 - acc: 0.0338
 8/74 [==>...........................] - ETA: 9:57 - loss: 6.3382 - acc: 0.0393 
 9/74 [==>...........................] - ETA: 9:46 - loss: 6.0433 - acc: 0.0410
10/74 [===>..........................] - ETA: 9:36 - loss: 5.8025 - acc: 0.0441
11/74 [===>..........................] - ETA: 9:26 - loss: 5.6040 - acc: 0.0446
12/74 [===>..........................] - ETA: 9:18 - loss: 5.4394 - acc: 0.0459
13/74 [====>.........................] - ETA: 9:09 - loss: 5.2999 - acc: 0.0464
14/74 [====>.........................] - ETA: 9:00 - loss: 5.1778 - acc: 0.0466
15/74 [=====>........................] - ETA: 8:52 - loss: 5.0739 - acc: 0.0462
16/74 [=====>........................] - ETA: 8:44 - loss: 4.9822 - acc: 0.0469INFO:DeepAugment :Before: Loss of new x:  - Test loss:3.605232447385788
INFO:DeepAugment :Before: Loss of new x:  - Test accuracy:0.08984375

17/74 [=====>........................] - ETA: 8:34 - loss: 4.8998 - acc: 0.0480INFO:DeepAugment :After: Loss of new x:  - Test loss:3.6406048089265823
INFO:DeepAugment :After: Loss of new x:  - Test accuracy:0.0546875

18/74 [======>.......................] - ETA: 8:29 - loss: 4.8276 - acc: 0.0493
19/74 [======>.......................] - ETA: 8:20 - loss: 4.7616 - acc: 0.0486
20/74 [=======>......................] - ETA: 8:10 - loss: 4.7022 - acc: 0.0489
21/74 [=======>......................] - ETA: 8:02 - loss: 4.6491 - acc: 0.0495
22/74 [=======>......................] - ETA: 7:52 - loss: 4.5970 - acc: 0.0514
23/74 [========>.....................] - ETA: 7:43 - loss: 4.5522 - acc: 0.0521INFO:DeepAugment :Before: Loss of new x:  - Test loss:3.489321529865265
INFO:DeepAugment :Before: Loss of new x:  - Test accuracy:0.11328125

24/74 [========>.....................] - ETA: 7:34 - loss: 4.5076 - acc: 0.0536INFO:DeepAugment :After: Loss of new x:  - Test loss:3.537551924586296
INFO:DeepAugment :After: Loss of new x:  - Test accuracy:0.09375

25/74 [=========>....................] - ETA: 7:27 - loss: 4.4679 - acc: 0.0552
26/74 [=========>....................] - ETA: 7:18 - loss: 4.4291 - acc: 0.0563
27/74 [=========>....................] - ETA: 7:09 - loss: 4.3938 - acc: 0.0574
28/74 [==========>...................] - ETA: 7:00 - loss: 4.3614 - acc: 0.0581
29/74 [==========>...................] - ETA: 6:50 - loss: 4.3305 - acc: 0.0589
30/74 [===========>..................] - ETA: 6:41 - loss: 4.3026 - acc: 0.0592
31/74 [===========>..................] - ETA: 6:32 - loss: 4.2768 - acc: 0.0604
32/74 [===========>..................] - ETA: 6:22 - loss: 4.2496 - acc: 0.0612
33/74 [============>.................] - ETA: 6:13 - loss: 4.2258 - acc: 0.0620
34/74 [============>.................] - ETA: 6:04 - loss: 4.2014 - acc: 0.0631
35/74 [=============>................] - ETA: 5:55 - loss: 4.1771 - acc: 0.0648
36/74 [=============>................] - ETA: 5:46 - loss: 4.1542 - acc: 0.0653
37/74 [==============>...............] - ETA: 5:36 - loss: 4.1331 - acc: 0.0665
38/74 [==============>...............] - ETA: 5:27 - loss: 4.1151 - acc: 0.0666
39/74 [==============>...............] - ETA: 5:18 - loss: 4.0960 - acc: 0.0673
40/74 [===============>..............] - ETA: 5:09 - loss: 4.0767 - acc: 0.0678
41/74 [===============>..............] - ETA: 5:00 - loss: 4.0575 - acc: 0.0689
42/74 [================>.............] - ETA: 4:51 - loss: 4.0400 - acc: 0.0696
43/74 [================>.............] - ETA: 4:42 - loss: 4.0233 - acc: 0.0702
44/74 [================>.............] - ETA: 4:33 - loss: 4.0070 - acc: 0.0703
45/74 [=================>............] - ETA: 4:24 - loss: 3.9922 - acc: 0.0711
46/74 [=================>............] - ETA: 4:14 - loss: 3.9778 - acc: 0.0719
47/74 [==================>...........] - ETA: 4:05 - loss: 3.9616 - acc: 0.0737
48/74 [==================>...........] - ETA: 3:56 - loss: 3.9467 - acc: 0.0750
49/74 [==================>...........] - ETA: 3:47 - loss: 3.9331 - acc: 0.0758
50/74 [===================>..........] - ETA: 3:38 - loss: 3.9195 - acc: 0.0764
51/74 [===================>..........] - ETA: 3:29 - loss: 3.9082 - acc: 0.0771
52/74 [====================>.........] - ETA: 3:20 - loss: 3.8953 - acc: 0.0780
53/74 [====================>.........] - ETA: 3:11 - loss: 3.8829 - acc: 0.0785
54/74 [====================>.........] - ETA: 3:02 - loss: 3.8709 - acc: 0.0790
55/74 [=====================>........] - ETA: 2:52 - loss: 3.8586 - acc: 0.0801
56/74 [=====================>........] - ETA: 2:43 - loss: 3.8469 - acc: 0.0808
57/74 [======================>.......] - ETA: 2:34 - loss: 3.8361 - acc: 0.0814
58/74 [======================>.......] - ETA: 2:25 - loss: 3.8259 - acc: 0.0818
59/74 [======================>.......] - ETA: 2:16 - loss: 3.8147 - acc: 0.0830
60/74 [=======================>......] - ETA: 2:07 - loss: 3.8031 - acc: 0.0841
61/74 [=======================>......] - ETA: 1:58 - loss: 3.7921 - acc: 0.0849
62/74 [========================>.....] - ETA: 1:49 - loss: 3.7816 - acc: 0.0854
63/74 [========================>.....] - ETA: 1:40 - loss: 3.7702 - acc: 0.0866
64/74 [========================>.....] - ETA: 1:31 - loss: 3.7591 - acc: 0.0877